[2m23:41:52[22m [31m[1m[vite][22m[39m [31mInternal server error: D:\新建文件夹\一个 小型的网站\src\App.jsx: Unterminated string constant. (29:24)

[0m [90m 27 |[31m
 [90m 28 |[31m [36mconst[31m initialTodos [33m=[31m [
[31m[1m>[22m[31m[90m 29 |[31m   { id[33m:[31m [32m'todo-1'[31m[33m,[31m text[33m:[31m [32m'澶嶄範绾挎€т唬鏁扮煩闃电浉浼间笌鐗瑰緛鍊?, done: false },[31m
 [90m    |[31m                         [31m[1m^[22m[31m
 [90m 30 |[31m   { id[33m:[31m [32m'todo-2'[31m[33m,[31m text[33m:[31m [32m'鏁寸悊 Dijkstra 绠楁硶妯℃澘鍜屼緥棰?, done: true },[31m
 [90m 31 |[31m   { id[33m:[31m [32m'todo-3'[31m[33m,[31m text[33m:[31m [32m'瀹屾垚鏁板寤烘ā璁烘枃缁撴瀯鑽夌'[31m[33m,[31m done[33m:[31m [36mfalse[31m }[33m,[31m
 [90m 32 |[31m   { id[33m:[31m [32m'todo-4'[31m[33m,[31m text[33m:[31m [32m'鐢?Python 鐢讳竴寮犲缓妯＄粨鏋滃浘'[31m[33m,[31m done[33m:[31m [36mfalse[31m }[33m,[31m[0m[39m
  Plugin: [35mvite:react-babel[39m
  File: [36mD:/新建文件夹/一个 小型的网站/src/App.jsx[39m:29:24
[33m  27 |  
  28 |  const initialTodos = [
  29 |    { id: 'todo-1', text: '澶嶄範绾挎€т唬鏁扮煩闃电浉浼间笌鐗瑰緛鍊?, done: false },
     |                          ^
  30 |    { id: 'todo-2', text: '鏁寸悊 Dijkstra 绠楁硶妯℃澘鍜屼緥棰?, done: true },
  31 |    { id: 'todo-3', text: '瀹屾垚鏁板寤烘ā璁烘枃缁撴瀯鑽夌', done: false },[39m
      at constructor (D:\新建文件夹\一个 小型的网站\node_modules\.pnpm\@babel+parser@7.29.7\node_modules\@babel\parser\lib\index.js:365:19)
      at JSXParserMixin.raise (D:\新建文件夹\一个 小型的网站\node_modules\.pnpm\@babel+parser@7.29.7\node_modules\@babel\parser\lib\index.js:6616:19)
      at Object.unterminated (D:\新建文件夹\一个 小型的网站\node_modules\.pnpm\@babel+parser@7.29.7\node_modules\@babel\parser\lib\index.js:5681:20)
      at readStringContents (D:\新建文件夹\一个 小型的网站\node_modules\.pnpm\@babel+parser@7.29.7\node_modules\@babel\parser\lib\index.js:5423:16)
      at JSXParserMixin.readString (D:\新建文件夹\一个 小型的网站\node_modules\.pnpm\@babel+parser@7.29.7\node_modules\@babel\parser\lib\index.js:6515:9)
      at JSXParserMixin.getTokenFromCode (D:\新建文件夹\一个 小型的网站\node_modules\.pnpm\@babel+parser@7.29.7\node_modules\@babel\parser\lib\index.js:6275:14)
      at JSXParserMixin.getTokenFromCode (D:\新建文件夹\一个 小型的网站\node_modules\.pnpm\@babel+parser@7.29.7\node_modules\@babel\parser\lib\index.js:4809:11)
      at JSXParserMixin.nextToken (D:\新建文件夹\一个 小型的网站\node_modules\.pnpm\@babel+parser@7.29.7\node_modules\@babel\parser\lib\index.js:5799:10)
      at JSXParserMixin.next (D:\新建文件夹\一个 小型的网站\node_modules\.pnpm\@babel+parser@7.29.7\node_modules\@babel\parser\lib\index.js:5709:10)
      at JSXParserMixin.eat (D:\新建文件夹\一个 小型的网站\node_modules\.pnpm\@babel+parser@7.29.7\node_modules\@babel\parser\lib\index.js:5713:12)
      at JSXParserMixin.parseObjectProperty (D:\新建文件夹\一个 小型的网站\node_modules\.pnpm\@babel+parser@7.29.7\node_modules\@babel\parser\lib\index.js:11966:14)
      at JSXParserMixin.parseObjPropValue (D:\新建文件夹\一个 小型的网站\node_modules\.pnpm\@babel+parser@7.29.7\node_modules\@babel\parser\lib\index.js:11995:100)
      at JSXParserMixin.parsePropertyDefinition (D:\新建文件夹\一个 小型的网站\node_modules\.pnpm\@babel+parser@7.29.7\node_modules\@babel\parser\lib\index.js:11932:17)
      at JSXParserMixin.parseObjectLike (D:\新建文件夹\一个 小型的网站\node_modules\.pnpm\@babel+parser@7.29.7\node_modules\@babel\parser\lib\index.js:11849:21)
      at JSXParserMixin.parseExprAtom (D:\新建文件夹\一个 小型的网站\node_modules\.pnpm\@babel+parser@7.29.7\node_modules\@babel\parser\lib\index.js:11356:23)
      at JSXParserMixin.parseExprAtom (D:\新建文件夹\一个 小型的网站\node_modules\.pnpm\@babel+parser@7.29.7\node_modules\@babel\parser\lib\index.js:4776:20)
      at JSXParserMixin.parseExprSubscripts (D:\新建文件夹\一个 小型的网站\node_modules\.pnpm\@babel+parser@7.29.7\node_modules\@babel\parser\lib\index.js:11098:23)
      at JSXParserMixin.parseUpdate (D:\新建文件夹\一个 小型的网站\node_modules\.pnpm\@babel+parser@7.29.7\node_modules\@babel\parser\lib\index.js:11083:21)
      at JSXParserMixin.parseMaybeUnary (D:\新建文件夹\一个 小型的网站\node_modules\.pnpm\@babel+parser@7.29.7\node_modules\@babel\parser\lib\index.js:11063:23)
      at JSXParserMixin.parseMaybeUnaryOrPrivate (D:\新建文件夹\一个 小型的网站\node_modules\.pnpm\@babel+parser@7.29.7\node_modules\@babel\parser\lib\index.js:10916:61)
      at JSXParserMixin.parseExprOps (D:\新建文件夹\一个 小型的网站\node_modules\.pnpm\@babel+parser@7.29.7\node_modules\@babel\parser\lib\index.js:10921:23)
      at JSXParserMixin.parseMaybeConditional (D:\新建文件夹\一个 小型的网站\node_modules\.pnpm\@babel+parser@7.29.7\node_modules\@babel\parser\lib\index.js:10898:23)
      at JSXParserMixin.parseMaybeAssign (D:\新建文件夹\一个 小型的网站\node_modules\.pnpm\@babel+parser@7.29.7\node_modules\@babel\parser\lib\index.js:10848:21)
      at D:\新建文件夹\一个 小型的网站\node_modules\.pnpm\@babel+parser@7.29.7\node_modules\@babel\parser\lib\index.js:10817:39
      at JSXParserMixin.allowInAnd (D:\新建文件夹\一个 小型的网站\node_modules\.pnpm\@babel+parser@7.29.7\node_modules\@babel\parser\lib\index.js:12443:12)
      at JSXParserMixin.parseMaybeAssignAllowIn (D:\新建文件夹\一个 小型的网站\node_modules\.pnpm\@babel+parser@7.29.7\node_modules\@babel\parser\lib\index.js:10817:17)
      at JSXParserMixin.parseMaybeAssignAllowInOrVoidPattern (D:\新建文件夹\一个 小型的网站\node_modules\.pnpm\@babel+parser@7.29.7\node_modules\@babel\parser\lib\index.js:12510:17)
      at JSXParserMixin.parseExprListItem (D:\新建文件夹\一个 小型的网站\node_modules\.pnpm\@babel+parser@7.29.7\node_modules\@babel\parser\lib\index.js:12192:18)
      at JSXParserMixin.parseExprList (D:\新建文件夹\一个 小型的网站\node_modules\.pnpm\@babel+parser@7.29.7\node_modules\@babel\parser\lib\index.js:12167:22)
      at JSXParserMixin.parseArrayLike (D:\新建文件夹\一个 小型的网站\node_modules\.pnpm\@babel+parser@7.29.7\node_modules\@babel\parser\lib\index.js:12074:26)
      at JSXParserMixin.parseExprAtom (D:\新建文件夹\一个 小型的网站\node_modules\.pnpm\@babel+parser@7.29.7\node_modules\@babel\parser\lib\index.js:11352:23)
      at JSXParserMixin.parseExprAtom (D:\新建文件夹\一个 小型的网站\node_modules\.pnpm\@babel+parser@7.29.7\node_modules\@babel\parser\lib\index.js:4776:20)
      at JSXParserMixin.parseExprSubscripts (D:\新建文件夹\一个 小型的网站\node_modules\.pnpm\@babel+parser@7.29.7\node_modules\@babel\parser\lib\index.js:11098:23)
      at JSXParserMixin.parseUpdate (D:\新建文件夹\一个 小型的网站\node_modules\.pnpm\@babel+parser@7.29.7\node_modules\@babel\parser\lib\index.js:11083:21)
      at JSXParserMixin.parseMaybeUnary (D:\新建文件夹\一个 小型的网站\node_modules\.pnpm\@babel+parser@7.29.7\node_modules\@babel\parser\lib\index.js:11063:23)
      at JSXParserMixin.parseMaybeUnaryOrPrivate (D:\新建文件夹\一个 小型的网站\node_modules\.pnpm\@babel+parser@7.29.7\node_modules\@babel\parser\lib\index.js:10916:61)
      at JSXParserMixin.parseExprOps (D:\新建文件夹\一个 小型的网站\node_modules\.pnpm\@babel+parser@7.29.7\node_modules\@babel\parser\lib\index.js:10921:23)
      at JSXParserMixin.parseMaybeConditional (D:\新建文件夹\一个 小型的网站\node_modules\.pnpm\@babel+parser@7.29.7\node_modules\@babel\parser\lib\index.js:10898:23)
      at JSXParserMixin.parseMaybeAssign (D:\新建文件夹\一个 小型的网站\node_modules\.pnpm\@babel+parser@7.29.7\node_modules\@babel\parser\lib\index.js:10848:21)
      at D:\新建文件夹\一个 小型的网站\node_modules\.pnpm\@babel+parser@7.29.7\node_modules\@babel\parser\lib\index.js:10817:39
      at JSXParserMixin.allowInAnd (D:\新建文件夹\一个 小型的网站\node_modules\.pnpm\@babel+parser@7.29.7\node_modules\@babel\parser\lib\index.js:12438:16)
      at JSXParserMixin.parseMaybeAssignAllowIn (D:\新建文件夹\一个 小型的网站\node_modules\.pnpm\@babel+parser@7.29.7\node_modules\@babel\parser\lib\index.js:10817:17)
      at JSXParserMixin.parseVar (D:\新建文件夹\一个 小型的网站\node_modules\.pnpm\@babel+parser@7.29.7\node_modules\@babel\parser\lib\index.js:13401:91)
      at JSXParserMixin.parseVarStatement (D:\新建文件夹\一个 小型的网站\node_modules\.pnpm\@babel+parser@7.29.7\node_modules\@babel\parser\lib\index.js:13247:10)
      at JSXParserMixin.parseStatementContent (D:\新建文件夹\一个 小型的网站\node_modules\.pnpm\@babel+parser@7.29.7\node_modules\@babel\parser\lib\index.js:12868:23)
      at JSXParserMixin.parseStatementLike (D:\新建文件夹\一个 小型的网站\node_modules\.pnpm\@babel+parser@7.29.7\node_modules\@babel\parser\lib\index.js:12784:17)
      at JSXParserMixin.parseModuleItem (D:\新建文件夹\一个 小型的网站\node_modules\.pnpm\@babel+parser@7.29.7\node_modules\@babel\parser\lib\index.js:12761:17)
      at JSXParserMixin.parseBlockOrModuleBlockBody (D:\新建文件夹\一个 小型的网站\node_modules\.pnpm\@babel+parser@7.29.7\node_modules\@babel\parser\lib\index.js:13333:36)
      at JSXParserMixin.parseBlockBody (D:\新建文件夹\一个 小型的网站\node_modules\.pnpm\@babel+parser@7.29.7\node_modules\@babel\parser\lib\index.js:13326:10)
      at JSXParserMixin.parseProgram (D:\新建文件夹\一个 小型的网站\node_modules\.pnpm\@babel+parser@7.29.7\node_modules\@babel\parser\lib\index.js:12639:10)
